e:\onedrive\akg\задания\лабораторная работа №1\labexample_sdl\labexample\sdl_demo\debug\vc141.pdb
c:\users\user\desktop\labexample\sdl_demo\debug\vc142.pdb
c:\users\user\desktop\labexample\sdl_demo\debug\vc142.idb
c:\users\user\desktop\labexample\sdl_demo\debug\stdafx.obj
c:\users\user\desktop\labexample\sdl_demo\debug\sdl_demo.obj
c:\users\user\desktop\labexample\sdl_demo\debug\draw.obj
e:\onedrive\akg\задания\лабораторная работа №1\labexample_sdl\labexample\sdl_demo\debug\vcpkg.applocal.log
e:\onedrive\akg\задания\лабораторная работа №1\labexample_sdl\labexample\debug\labexample.ilk
e:\onedrive\akg\задания\лабораторная работа №1\labexample_sdl\labexample\debug\labexample.exe
e:\onedrive\akg\задания\лабораторная работа №1\labexample_sdl\labexample\debug\labexample.pdb
c:\users\user\desktop\labexample\debug\labexample.ilk
c:\users\user\desktop\labexample\debug\labexample.exe
c:\users\user\desktop\labexample\debug\labexample.pdb
c:\users\user\desktop\labexample\sdl_demo\debug\vc141.idb
c:\users\user\desktop\labexample\sdl_demo\debug\vc141.pdb
c:\users\user\desktop\labexample\sdl_demo\debug\labexample.tlog\cl.command.1.tlog
c:\users\user\desktop\labexample\sdl_demo\debug\labexample.tlog\cl.write.1.tlog
c:\users\user\desktop\labexample\sdl_demo\debug\labexample.tlog\labexample.write.1u.tlog
c:\users\user\desktop\labexample\sdl_demo\debug\labexample.tlog\link.command.1.tlog
c:\users\user\desktop\labexample\sdl_demo\debug\labexample.tlog\link.read.1.tlog
c:\users\user\desktop\labexample\sdl_demo\debug\labexample.tlog\link.write.1.tlog
